2008.05.20 10:22 B C:\wamp\www\cms\openwysiwyg\popups\about.html --> ftp.metallied.net /www/cms/openwysiwyg/popups about.html
2008.05.20 10:28 B C:\wamp\www\cms\openwysiwyg\popups\about_license.html --> ftp.metallied.net /www/cms/openwysiwyg/popups about_license.html
2008.05.20 10:29 B C:\wamp\www\cms\openwysiwyg\popups\create_table.html --> ftp.metallied.net /www/cms/openwysiwyg/popups create_table.html
2008.05.20 10:29 B C:\wamp\www\cms\openwysiwyg\popups\Desktop__.ini --> ftp.metallied.net /www/cms/openwysiwyg/popups Desktop__.ini
2008.05.20 10:29 B C:\wamp\www\cms\openwysiwyg\popups\insert_hyperlink.html --> ftp.metallied.net /www/cms/openwysiwyg/popups insert_hyperlink.html
2008.05.20 10:29 B C:\wamp\www\cms\openwysiwyg\popups\insert_image.html --> ftp.metallied.net /www/cms/openwysiwyg/popups insert_image.html
2008.05.20 10:30 B C:\wamp\www\cms\openwysiwyg\popups\license.html --> ftp.metallied.net /www/cms/openwysiwyg/popups license.html
2008.05.20 10:30 B C:\wamp\www\cms\openwysiwyg\popups\select_color.html --> ftp.metallied.net /www/cms/openwysiwyg/popups select_color.html
2008.05.20 10:30 B C:\wamp\www\cms\openwysiwyg\popups\WS_FTP.LOG --> ftp.metallied.net /www/cms/openwysiwyg/popups WS_FTP.LOG
2008.06.09 08:28 B C:\wamp\www\blastit\openwysiwyg\popups\about.html --> ftp.richaffairsventures-ng.com /www/mail/openwysiwyg/popups about.html
2008.06.09 08:28 B C:\wamp\www\blastit\openwysiwyg\popups\about_license.html --> ftp.richaffairsventures-ng.com /www/mail/openwysiwyg/popups about_license.html
2008.06.09 08:28 B C:\wamp\www\blastit\openwysiwyg\popups\create_table.html --> ftp.richaffairsventures-ng.com /www/mail/openwysiwyg/popups create_table.html
2008.06.09 08:29 B C:\wamp\www\blastit\openwysiwyg\popups\Desktop__.ini --> ftp.richaffairsventures-ng.com /www/mail/openwysiwyg/popups Desktop__.ini
2008.06.09 08:29 B C:\wamp\www\blastit\openwysiwyg\popups\insert_hyperlink.html --> ftp.richaffairsventures-ng.com /www/mail/openwysiwyg/popups insert_hyperlink.html
2008.06.09 08:29 B C:\wamp\www\blastit\openwysiwyg\popups\insert_image.html --> ftp.richaffairsventures-ng.com /www/mail/openwysiwyg/popups insert_image.html
2008.06.09 08:30 B C:\wamp\www\blastit\openwysiwyg\popups\license.html --> ftp.richaffairsventures-ng.com /www/mail/openwysiwyg/popups license.html
2008.06.09 08:31 B C:\wamp\www\blastit\openwysiwyg\popups\select_color.html --> ftp.richaffairsventures-ng.com /www/mail/openwysiwyg/popups select_color.html
2008.06.09 08:32 B C:\wamp\www\blastit\openwysiwyg\popups\WS_FTP.LOG --> ftp.richaffairsventures-ng.com /www/mail/openwysiwyg/popups WS_FTP.LOG
2008.06.23 06:23 B C:\wamp\www\openwysiwyg\popups\about.html --> ftp.0fees.net /htdocs/openwysiwyg/popups about.html
2008.06.23 06:32 B C:\wamp\www\openwysiwyg\popups\about_license.html --> ftp.0fees.net /htdocs/openwysiwyg/popups about_license.html
2008.06.23 06:32 B C:\wamp\www\openwysiwyg\popups\create_table.html --> ftp.0fees.net /htdocs/openwysiwyg/popups create_table.html
2008.06.23 06:32 B C:\wamp\www\openwysiwyg\popups\Desktop__.ini --> ftp.0fees.net /htdocs/openwysiwyg/popups Desktop__.ini
2008.06.23 06:32 B C:\wamp\www\openwysiwyg\popups\insert_hyperlink.html --> ftp.0fees.net /htdocs/openwysiwyg/popups insert_hyperlink.html
2008.06.23 06:32 B C:\wamp\www\openwysiwyg\popups\insert_image.html --> ftp.0fees.net /htdocs/openwysiwyg/popups insert_image.html
2008.06.23 06:33 B C:\wamp\www\openwysiwyg\popups\license.html --> ftp.0fees.net /htdocs/openwysiwyg/popups license.html
2008.06.23 06:33 B C:\wamp\www\openwysiwyg\popups\select_color.html --> ftp.0fees.net /htdocs/openwysiwyg/popups select_color.html
2008.06.23 06:34 B C:\wamp\www\openwysiwyg\popups\WS_FTP.LOG --> ftp.0fees.net /htdocs/openwysiwyg/popups WS_FTP.LOG
2008.06.23 06:46 B C:\wamp\www\openwysiwyg\popups\wysiwyg.js --> ftp.0fees.net /htdocs/openwysiwyg wysiwyg.js
2009.01.16 03:48 B C:\wamp\www\openwysiwyg\popups\about.html --> ftp.uniafri.com /www/openwysiwyg/popups about.html
2009.01.16 03:48 B C:\wamp\www\openwysiwyg\popups\about_license.html --> ftp.uniafri.com /www/openwysiwyg/popups about_license.html
2009.01.16 03:48 B C:\wamp\www\openwysiwyg\popups\create_table.html --> ftp.uniafri.com /www/openwysiwyg/popups create_table.html
2009.01.16 03:48 B C:\wamp\www\openwysiwyg\popups\Desktop__.ini --> ftp.uniafri.com /www/openwysiwyg/popups Desktop__.ini
2009.01.16 03:48 B C:\wamp\www\openwysiwyg\popups\insert_hyperlink.html --> ftp.uniafri.com /www/openwysiwyg/popups insert_hyperlink.html
2009.01.16 03:48 B C:\wamp\www\openwysiwyg\popups\insert_image.html --> ftp.uniafri.com /www/openwysiwyg/popups insert_image.html
2009.01.16 03:48 B C:\wamp\www\openwysiwyg\popups\license.html --> ftp.uniafri.com /www/openwysiwyg/popups license.html
2009.01.16 03:48 B C:\wamp\www\openwysiwyg\popups\select_color.html --> ftp.uniafri.com /www/openwysiwyg/popups select_color.html
2009.01.16 03:48 B C:\wamp\www\openwysiwyg\popups\WS_FTP.LOG --> ftp.uniafri.com /www/openwysiwyg/popups WS_FTP.LOG
