2008.05.20 10:12 B C:\wamp\www\cms\openwysiwyg\icons\backcolor.gif --> ftp.metallied.net /www/cms/openwysiwyg/icons backcolor.gif
2008.05.20 10:13 B C:\wamp\www\cms\openwysiwyg\icons\backcolor_on.gif --> ftp.metallied.net /www/cms/openwysiwyg/icons backcolor_on.gif
2008.05.20 10:13 B C:\wamp\www\cms\openwysiwyg\icons\background_silver.jpg --> ftp.metallied.net /www/cms/openwysiwyg/icons background_silver.jpg
2008.05.20 10:13 B C:\wamp\www\cms\openwysiwyg\icons\bold.gif --> ftp.metallied.net /www/cms/openwysiwyg/icons bold.gif
2008.05.20 10:13 B C:\wamp\www\cms\openwysiwyg\icons\bold_on.gif --> ftp.metallied.net /www/cms/openwysiwyg/icons bold_on.gif
2008.05.20 10:13 B C:\wamp\www\cms\openwysiwyg\icons\copy.gif --> ftp.metallied.net /www/cms/openwysiwyg/icons copy.gif
2008.05.20 10:13 B C:\wamp\www\cms\openwysiwyg\icons\copy_on.gif --> ftp.metallied.net /www/cms/openwysiwyg/icons copy_on.gif
2008.05.20 10:13 B C:\wamp\www\cms\openwysiwyg\icons\cut.gif --> ftp.metallied.net /www/cms/openwysiwyg/icons cut.gif
2008.05.20 10:13 B C:\wamp\www\cms\openwysiwyg\icons\cut_on.gif --> ftp.metallied.net /www/cms/openwysiwyg/icons cut_on.gif
2008.05.20 10:14 B C:\wamp\www\cms\openwysiwyg\icons\Desktop__.ini --> ftp.metallied.net /www/cms/openwysiwyg/icons Desktop__.ini
2008.05.20 10:14 B C:\wamp\www\cms\openwysiwyg\icons\forecolor.gif --> ftp.metallied.net /www/cms/openwysiwyg/icons forecolor.gif
2008.05.20 10:14 B C:\wamp\www\cms\openwysiwyg\icons\forecolor_on.gif --> ftp.metallied.net /www/cms/openwysiwyg/icons forecolor_on.gif
2008.05.20 10:14 B C:\wamp\www\cms\openwysiwyg\icons\help.gif --> ftp.metallied.net /www/cms/openwysiwyg/icons help.gif
2008.05.20 10:14 B C:\wamp\www\cms\openwysiwyg\icons\help_on.gif --> ftp.metallied.net /www/cms/openwysiwyg/icons help_on.gif
2008.05.20 10:14 B C:\wamp\www\cms\openwysiwyg\icons\indent_left.gif --> ftp.metallied.net /www/cms/openwysiwyg/icons indent_left.gif
2008.05.20 10:14 B C:\wamp\www\cms\openwysiwyg\icons\indent_left_on.gif --> ftp.metallied.net /www/cms/openwysiwyg/icons indent_left_on.gif
2008.05.20 10:14 B C:\wamp\www\cms\openwysiwyg\icons\indent_right.gif --> ftp.metallied.net /www/cms/openwysiwyg/icons indent_right.gif
2008.05.20 10:14 B C:\wamp\www\cms\openwysiwyg\icons\indent_right_on.gif --> ftp.metallied.net /www/cms/openwysiwyg/icons indent_right_on.gif
2008.05.20 10:14 B C:\wamp\www\cms\openwysiwyg\icons\insert_hyperlink.gif --> ftp.metallied.net /www/cms/openwysiwyg/icons insert_hyperlink.gif
2008.05.20 10:15 B C:\wamp\www\cms\openwysiwyg\icons\insert_hyperlink_on.gif --> ftp.metallied.net /www/cms/openwysiwyg/icons insert_hyperlink_on.gif
2008.05.20 10:15 B C:\wamp\www\cms\openwysiwyg\icons\insert_picture.gif --> ftp.metallied.net /www/cms/openwysiwyg/icons insert_picture.gif
2008.05.20 10:15 B C:\wamp\www\cms\openwysiwyg\icons\insert_picture_on.gif --> ftp.metallied.net /www/cms/openwysiwyg/icons insert_picture_on.gif
2008.05.20 10:15 B C:\wamp\www\cms\openwysiwyg\icons\insert_table.gif --> ftp.metallied.net /www/cms/openwysiwyg/icons insert_table.gif
2008.05.20 10:15 B C:\wamp\www\cms\openwysiwyg\icons\insert_table_on.gif --> ftp.metallied.net /www/cms/openwysiwyg/icons insert_table_on.gif
2008.05.20 10:15 B C:\wamp\www\cms\openwysiwyg\icons\italics.gif --> ftp.metallied.net /www/cms/openwysiwyg/icons italics.gif
2008.05.20 10:15 B C:\wamp\www\cms\openwysiwyg\icons\italics_on.gif --> ftp.metallied.net /www/cms/openwysiwyg/icons italics_on.gif
2008.05.20 10:15 B C:\wamp\www\cms\openwysiwyg\icons\justify_center.gif --> ftp.metallied.net /www/cms/openwysiwyg/icons justify_center.gif
2008.05.20 10:15 B C:\wamp\www\cms\openwysiwyg\icons\justify_center_on.gif --> ftp.metallied.net /www/cms/openwysiwyg/icons justify_center_on.gif
2008.05.20 10:15 B C:\wamp\www\cms\openwysiwyg\icons\justify_left.gif --> ftp.metallied.net /www/cms/openwysiwyg/icons justify_left.gif
2008.05.20 10:15 B C:\wamp\www\cms\openwysiwyg\icons\justify_left_on.gif --> ftp.metallied.net /www/cms/openwysiwyg/icons justify_left_on.gif
2008.05.20 10:15 B C:\wamp\www\cms\openwysiwyg\icons\justify_right.gif --> ftp.metallied.net /www/cms/openwysiwyg/icons justify_right.gif
2008.05.20 10:16 B C:\wamp\www\cms\openwysiwyg\icons\justify_right_on.gif --> ftp.metallied.net /www/cms/openwysiwyg/icons justify_right_on.gif
2008.05.20 10:16 B C:\wamp\www\cms\openwysiwyg\icons\list_ordered.gif --> ftp.metallied.net /www/cms/openwysiwyg/icons list_ordered.gif
2008.05.20 10:16 B C:\wamp\www\cms\openwysiwyg\icons\list_ordered_on.gif --> ftp.metallied.net /www/cms/openwysiwyg/icons list_ordered_on.gif
2008.05.20 10:16 B C:\wamp\www\cms\openwysiwyg\icons\list_unordered.gif --> ftp.metallied.net /www/cms/openwysiwyg/icons list_unordered.gif
2008.05.20 10:16 B C:\wamp\www\cms\openwysiwyg\icons\list_unordered_on.gif --> ftp.metallied.net /www/cms/openwysiwyg/icons list_unordered_on.gif
2008.05.20 10:16 B C:\wamp\www\cms\openwysiwyg\icons\logo.gif --> ftp.metallied.net /www/cms/openwysiwyg/icons logo.gif
2008.05.20 10:16 B C:\wamp\www\cms\openwysiwyg\icons\paste.gif --> ftp.metallied.net /www/cms/openwysiwyg/icons paste.gif
2008.05.20 10:16 B C:\wamp\www\cms\openwysiwyg\icons\paste_on.gif --> ftp.metallied.net /www/cms/openwysiwyg/icons paste_on.gif
2008.05.20 10:16 B C:\wamp\www\cms\openwysiwyg\icons\redo.gif --> ftp.metallied.net /www/cms/openwysiwyg/icons redo.gif
2008.05.20 10:16 B C:\wamp\www\cms\openwysiwyg\icons\redo_on.gif --> ftp.metallied.net /www/cms/openwysiwyg/icons redo_on.gif
2008.05.20 10:17 B C:\wamp\www\cms\openwysiwyg\icons\select_font.gif --> ftp.metallied.net /www/cms/openwysiwyg/icons select_font.gif
2008.05.20 10:17 B C:\wamp\www\cms\openwysiwyg\icons\select_font_on.gif --> ftp.metallied.net /www/cms/openwysiwyg/icons select_font_on.gif
2008.05.20 10:17 B C:\wamp\www\cms\openwysiwyg\icons\select_size.gif --> ftp.metallied.net /www/cms/openwysiwyg/icons select_size.gif
2008.05.20 10:17 B C:\wamp\www\cms\openwysiwyg\icons\select_size_on.gif --> ftp.metallied.net /www/cms/openwysiwyg/icons select_size_on.gif
2008.05.20 10:17 B C:\wamp\www\cms\openwysiwyg\icons\seperator.gif --> ftp.metallied.net /www/cms/openwysiwyg/icons seperator.gif
2008.05.20 10:17 B C:\wamp\www\cms\openwysiwyg\icons\seperator2.gif --> ftp.metallied.net /www/cms/openwysiwyg/icons seperator2.gif
2008.05.20 10:17 B C:\wamp\www\cms\openwysiwyg\icons\strikethrough.gif --> ftp.metallied.net /www/cms/openwysiwyg/icons strikethrough.gif
2008.05.20 10:17 B C:\wamp\www\cms\openwysiwyg\icons\strikethrough_on.gif --> ftp.metallied.net /www/cms/openwysiwyg/icons strikethrough_on.gif
2008.05.20 10:17 B C:\wamp\www\cms\openwysiwyg\icons\subscript.gif --> ftp.metallied.net /www/cms/openwysiwyg/icons subscript.gif
2008.05.20 10:17 B C:\wamp\www\cms\openwysiwyg\icons\subscript_on.gif --> ftp.metallied.net /www/cms/openwysiwyg/icons subscript_on.gif
2008.05.20 10:18 B C:\wamp\www\cms\openwysiwyg\icons\superscript.gif --> ftp.metallied.net /www/cms/openwysiwyg/icons superscript.gif
2008.05.20 10:18 B C:\wamp\www\cms\openwysiwyg\icons\superscript_on.gif --> ftp.metallied.net /www/cms/openwysiwyg/icons superscript_on.gif
2008.05.20 10:19 B C:\wamp\www\cms\openwysiwyg\icons\Thumbs.db --> ftp.metallied.net /www/cms/openwysiwyg/icons Thumbs.db
2008.05.20 10:19 B C:\wamp\www\cms\openwysiwyg\icons\underline.gif --> ftp.metallied.net /www/cms/openwysiwyg/icons underline.gif
2008.05.20 10:19 B C:\wamp\www\cms\openwysiwyg\icons\underline_on.gif --> ftp.metallied.net /www/cms/openwysiwyg/icons underline_on.gif
2008.05.20 10:19 B C:\wamp\www\cms\openwysiwyg\icons\undo.gif --> ftp.metallied.net /www/cms/openwysiwyg/icons undo.gif
2008.05.20 10:19 B C:\wamp\www\cms\openwysiwyg\icons\undo_on.gif --> ftp.metallied.net /www/cms/openwysiwyg/icons undo_on.gif
2008.05.20 10:20 B C:\wamp\www\cms\openwysiwyg\icons\view_source.gif --> ftp.metallied.net /www/cms/openwysiwyg/icons view_source.gif
2008.05.20 10:20 B C:\wamp\www\cms\openwysiwyg\icons\view_source_on.gif --> ftp.metallied.net /www/cms/openwysiwyg/icons view_source_on.gif
2008.05.20 10:20 B C:\wamp\www\cms\openwysiwyg\icons\view_text.gif --> ftp.metallied.net /www/cms/openwysiwyg/icons view_text.gif
2008.05.20 10:20 B C:\wamp\www\cms\openwysiwyg\icons\view_text_on.gif --> ftp.metallied.net /www/cms/openwysiwyg/icons view_text_on.gif
2008.05.20 10:28 B C:\wamp\www\cms\openwysiwyg\icons\WS_FTP.LOG --> ftp.metallied.net /www/cms/openwysiwyg/icons WS_FTP.LOG
2008.06.09 08:17 B C:\wamp\www\blastit\openwysiwyg\icons\backcolor.gif --> ftp.richaffairsventures-ng.com /www/mail/openwysiwyg/icons backcolor.gif
2008.06.09 08:17 B C:\wamp\www\blastit\openwysiwyg\icons\backcolor_on.gif --> ftp.richaffairsventures-ng.com /www/mail/openwysiwyg/icons backcolor_on.gif
2008.06.09 08:17 B C:\wamp\www\blastit\openwysiwyg\icons\background_silver.jpg --> ftp.richaffairsventures-ng.com /www/mail/openwysiwyg/icons background_silver.jpg
2008.06.09 08:17 B C:\wamp\www\blastit\openwysiwyg\icons\bold.gif --> ftp.richaffairsventures-ng.com /www/mail/openwysiwyg/icons bold.gif
2008.06.09 08:17 B C:\wamp\www\blastit\openwysiwyg\icons\bold_on.gif --> ftp.richaffairsventures-ng.com /www/mail/openwysiwyg/icons bold_on.gif
2008.06.09 08:17 B C:\wamp\www\blastit\openwysiwyg\icons\copy.gif --> ftp.richaffairsventures-ng.com /www/mail/openwysiwyg/icons copy.gif
2008.06.09 08:17 B C:\wamp\www\blastit\openwysiwyg\icons\copy_on.gif --> ftp.richaffairsventures-ng.com /www/mail/openwysiwyg/icons copy_on.gif
2008.06.09 08:17 B C:\wamp\www\blastit\openwysiwyg\icons\cut.gif --> ftp.richaffairsventures-ng.com /www/mail/openwysiwyg/icons cut.gif
2008.06.09 08:17 B C:\wamp\www\blastit\openwysiwyg\icons\cut_on.gif --> ftp.richaffairsventures-ng.com /www/mail/openwysiwyg/icons cut_on.gif
2008.06.09 08:17 B C:\wamp\www\blastit\openwysiwyg\icons\Desktop__.ini --> ftp.richaffairsventures-ng.com /www/mail/openwysiwyg/icons Desktop__.ini
2008.06.09 08:18 B C:\wamp\www\blastit\openwysiwyg\icons\forecolor.gif --> ftp.richaffairsventures-ng.com /www/mail/openwysiwyg/icons forecolor.gif
2008.06.09 08:18 B C:\wamp\www\blastit\openwysiwyg\icons\forecolor_on.gif --> ftp.richaffairsventures-ng.com /www/mail/openwysiwyg/icons forecolor_on.gif
2008.06.09 08:18 B C:\wamp\www\blastit\openwysiwyg\icons\help.gif --> ftp.richaffairsventures-ng.com /www/mail/openwysiwyg/icons help.gif
2008.06.09 08:18 B C:\wamp\www\blastit\openwysiwyg\icons\help_on.gif --> ftp.richaffairsventures-ng.com /www/mail/openwysiwyg/icons help_on.gif
2008.06.09 08:18 B C:\wamp\www\blastit\openwysiwyg\icons\indent_left.gif --> ftp.richaffairsventures-ng.com /www/mail/openwysiwyg/icons indent_left.gif
2008.06.09 08:18 B C:\wamp\www\blastit\openwysiwyg\icons\indent_left_on.gif --> ftp.richaffairsventures-ng.com /www/mail/openwysiwyg/icons indent_left_on.gif
2008.06.09 08:18 B C:\wamp\www\blastit\openwysiwyg\icons\indent_right.gif --> ftp.richaffairsventures-ng.com /www/mail/openwysiwyg/icons indent_right.gif
2008.06.09 08:18 B C:\wamp\www\blastit\openwysiwyg\icons\indent_right_on.gif --> ftp.richaffairsventures-ng.com /www/mail/openwysiwyg/icons indent_right_on.gif
2008.06.09 08:18 B C:\wamp\www\blastit\openwysiwyg\icons\insert_hyperlink.gif --> ftp.richaffairsventures-ng.com /www/mail/openwysiwyg/icons insert_hyperlink.gif
2008.06.09 08:18 B C:\wamp\www\blastit\openwysiwyg\icons\insert_hyperlink_on.gif --> ftp.richaffairsventures-ng.com /www/mail/openwysiwyg/icons insert_hyperlink_on.gif
2008.06.09 08:18 B C:\wamp\www\blastit\openwysiwyg\icons\insert_picture.gif --> ftp.richaffairsventures-ng.com /www/mail/openwysiwyg/icons insert_picture.gif
2008.06.09 08:18 B C:\wamp\www\blastit\openwysiwyg\icons\insert_picture_on.gif --> ftp.richaffairsventures-ng.com /www/mail/openwysiwyg/icons insert_picture_on.gif
2008.06.09 08:18 B C:\wamp\www\blastit\openwysiwyg\icons\insert_table.gif --> ftp.richaffairsventures-ng.com /www/mail/openwysiwyg/icons insert_table.gif
2008.06.09 08:18 B C:\wamp\www\blastit\openwysiwyg\icons\insert_table_on.gif --> ftp.richaffairsventures-ng.com /www/mail/openwysiwyg/icons insert_table_on.gif
2008.06.09 08:19 B C:\wamp\www\blastit\openwysiwyg\icons\italics.gif --> ftp.richaffairsventures-ng.com /www/mail/openwysiwyg/icons italics.gif
2008.06.09 08:19 B C:\wamp\www\blastit\openwysiwyg\icons\italics_on.gif --> ftp.richaffairsventures-ng.com /www/mail/openwysiwyg/icons italics_on.gif
2008.06.09 08:19 B C:\wamp\www\blastit\openwysiwyg\icons\justify_center.gif --> ftp.richaffairsventures-ng.com /www/mail/openwysiwyg/icons justify_center.gif
2008.06.09 08:19 B C:\wamp\www\blastit\openwysiwyg\icons\justify_center_on.gif --> ftp.richaffairsventures-ng.com /www/mail/openwysiwyg/icons justify_center_on.gif
2008.06.09 08:19 B C:\wamp\www\blastit\openwysiwyg\icons\justify_left.gif --> ftp.richaffairsventures-ng.com /www/mail/openwysiwyg/icons justify_left.gif
2008.06.09 08:20 B C:\wamp\www\blastit\openwysiwyg\icons\justify_left_on.gif --> ftp.richaffairsventures-ng.com /www/mail/openwysiwyg/icons justify_left_on.gif
2008.06.09 08:20 B C:\wamp\www\blastit\openwysiwyg\icons\justify_right.gif --> ftp.richaffairsventures-ng.com /www/mail/openwysiwyg/icons justify_right.gif
2008.06.09 08:20 B C:\wamp\www\blastit\openwysiwyg\icons\justify_right_on.gif --> ftp.richaffairsventures-ng.com /www/mail/openwysiwyg/icons justify_right_on.gif
2008.06.09 08:20 B C:\wamp\www\blastit\openwysiwyg\icons\list_ordered.gif --> ftp.richaffairsventures-ng.com /www/mail/openwysiwyg/icons list_ordered.gif
2008.06.09 08:20 B C:\wamp\www\blastit\openwysiwyg\icons\list_ordered_on.gif --> ftp.richaffairsventures-ng.com /www/mail/openwysiwyg/icons list_ordered_on.gif
2008.06.09 08:20 B C:\wamp\www\blastit\openwysiwyg\icons\list_unordered.gif --> ftp.richaffairsventures-ng.com /www/mail/openwysiwyg/icons list_unordered.gif
2008.06.09 08:21 B C:\wamp\www\blastit\openwysiwyg\icons\list_unordered_on.gif --> ftp.richaffairsventures-ng.com /www/mail/openwysiwyg/icons list_unordered_on.gif
2008.06.09 08:21 B C:\wamp\www\blastit\openwysiwyg\icons\logo.gif --> ftp.richaffairsventures-ng.com /www/mail/openwysiwyg/icons logo.gif
2008.06.09 08:21 B C:\wamp\www\blastit\openwysiwyg\icons\paste.gif --> ftp.richaffairsventures-ng.com /www/mail/openwysiwyg/icons paste.gif
2008.06.09 08:21 B C:\wamp\www\blastit\openwysiwyg\icons\paste_on.gif --> ftp.richaffairsventures-ng.com /www/mail/openwysiwyg/icons paste_on.gif
2008.06.09 08:22 B C:\wamp\www\blastit\openwysiwyg\icons\redo.gif --> ftp.richaffairsventures-ng.com /www/mail/openwysiwyg/icons redo.gif
2008.06.09 08:22 B C:\wamp\www\blastit\openwysiwyg\icons\redo_on.gif --> ftp.richaffairsventures-ng.com /www/mail/openwysiwyg/icons redo_on.gif
2008.06.09 08:22 B C:\wamp\www\blastit\openwysiwyg\icons\select_font.gif --> ftp.richaffairsventures-ng.com /www/mail/openwysiwyg/icons select_font.gif
2008.06.09 08:22 B C:\wamp\www\blastit\openwysiwyg\icons\select_font_on.gif --> ftp.richaffairsventures-ng.com /www/mail/openwysiwyg/icons select_font_on.gif
2008.06.09 08:22 B C:\wamp\www\blastit\openwysiwyg\icons\select_size.gif --> ftp.richaffairsventures-ng.com /www/mail/openwysiwyg/icons select_size.gif
2008.06.09 08:22 B C:\wamp\www\blastit\openwysiwyg\icons\select_size_on.gif --> ftp.richaffairsventures-ng.com /www/mail/openwysiwyg/icons select_size_on.gif
2008.06.09 08:22 B C:\wamp\www\blastit\openwysiwyg\icons\seperator.gif --> ftp.richaffairsventures-ng.com /www/mail/openwysiwyg/icons seperator.gif
2008.06.09 08:23 B C:\wamp\www\blastit\openwysiwyg\icons\seperator2.gif --> ftp.richaffairsventures-ng.com /www/mail/openwysiwyg/icons seperator2.gif
2008.06.09 08:23 B C:\wamp\www\blastit\openwysiwyg\icons\strikethrough.gif --> ftp.richaffairsventures-ng.com /www/mail/openwysiwyg/icons strikethrough.gif
2008.06.09 08:23 B C:\wamp\www\blastit\openwysiwyg\icons\strikethrough_on.gif --> ftp.richaffairsventures-ng.com /www/mail/openwysiwyg/icons strikethrough_on.gif
2008.06.09 08:23 B C:\wamp\www\blastit\openwysiwyg\icons\subscript.gif --> ftp.richaffairsventures-ng.com /www/mail/openwysiwyg/icons subscript.gif
2008.06.09 08:23 B C:\wamp\www\blastit\openwysiwyg\icons\subscript_on.gif --> ftp.richaffairsventures-ng.com /www/mail/openwysiwyg/icons subscript_on.gif
2008.06.09 08:23 B C:\wamp\www\blastit\openwysiwyg\icons\superscript.gif --> ftp.richaffairsventures-ng.com /www/mail/openwysiwyg/icons superscript.gif
2008.06.09 08:23 B C:\wamp\www\blastit\openwysiwyg\icons\superscript_on.gif --> ftp.richaffairsventures-ng.com /www/mail/openwysiwyg/icons superscript_on.gif
2008.06.09 08:24 B C:\wamp\www\blastit\openwysiwyg\icons\Thumbs.db --> ftp.richaffairsventures-ng.com /www/mail/openwysiwyg/icons Thumbs.db
2008.06.09 08:25 B C:\wamp\www\blastit\openwysiwyg\icons\underline.gif --> ftp.richaffairsventures-ng.com /www/mail/openwysiwyg/icons underline.gif
2008.06.09 08:25 B C:\wamp\www\blastit\openwysiwyg\icons\underline_on.gif --> ftp.richaffairsventures-ng.com /www/mail/openwysiwyg/icons underline_on.gif
2008.06.09 08:25 B C:\wamp\www\blastit\openwysiwyg\icons\undo.gif --> ftp.richaffairsventures-ng.com /www/mail/openwysiwyg/icons undo.gif
2008.06.09 08:26 B C:\wamp\www\blastit\openwysiwyg\icons\undo_on.gif --> ftp.richaffairsventures-ng.com /www/mail/openwysiwyg/icons undo_on.gif
2008.06.09 08:26 B C:\wamp\www\blastit\openwysiwyg\icons\view_source.gif --> ftp.richaffairsventures-ng.com /www/mail/openwysiwyg/icons view_source.gif
2008.06.09 08:26 B C:\wamp\www\blastit\openwysiwyg\icons\view_source_on.gif --> ftp.richaffairsventures-ng.com /www/mail/openwysiwyg/icons view_source_on.gif
2008.06.09 08:26 B C:\wamp\www\blastit\openwysiwyg\icons\view_text.gif --> ftp.richaffairsventures-ng.com /www/mail/openwysiwyg/icons view_text.gif
2008.06.09 08:26 B C:\wamp\www\blastit\openwysiwyg\icons\view_text_on.gif --> ftp.richaffairsventures-ng.com /www/mail/openwysiwyg/icons view_text_on.gif
2008.06.09 08:27 B C:\wamp\www\blastit\openwysiwyg\icons\WS_FTP.LOG --> ftp.richaffairsventures-ng.com /www/mail/openwysiwyg/icons WS_FTP.LOG
2008.06.23 06:02 B C:\wamp\www\openwysiwyg\icons\backcolor.gif --> ftp.0fees.net /htdocs/openwysiwyg/icons backcolor.gif
2008.06.23 06:02 B C:\wamp\www\openwysiwyg\icons\backcolor_on.gif --> ftp.0fees.net /htdocs/openwysiwyg/icons backcolor_on.gif
2008.06.23 06:02 B C:\wamp\www\openwysiwyg\icons\background_silver.jpg --> ftp.0fees.net /htdocs/openwysiwyg/icons background_silver.jpg
2008.06.23 06:02 B C:\wamp\www\openwysiwyg\icons\bold.gif --> ftp.0fees.net /htdocs/openwysiwyg/icons bold.gif
2008.06.23 06:03 B C:\wamp\www\openwysiwyg\icons\bold_on.gif --> ftp.0fees.net /htdocs/openwysiwyg/icons bold_on.gif
2008.06.23 06:03 B C:\wamp\www\openwysiwyg\icons\copy.gif --> ftp.0fees.net /htdocs/openwysiwyg/icons copy.gif
2008.06.23 06:03 B C:\wamp\www\openwysiwyg\icons\copy_on.gif --> ftp.0fees.net /htdocs/openwysiwyg/icons copy_on.gif
2008.06.23 06:03 B C:\wamp\www\openwysiwyg\icons\cut.gif --> ftp.0fees.net /htdocs/openwysiwyg/icons cut.gif
2008.06.23 06:03 B C:\wamp\www\openwysiwyg\icons\cut_on.gif --> ftp.0fees.net /htdocs/openwysiwyg/icons cut_on.gif
2008.06.23 06:03 B C:\wamp\www\openwysiwyg\icons\Desktop__.ini --> ftp.0fees.net /htdocs/openwysiwyg/icons Desktop__.ini
2008.06.23 06:03 B C:\wamp\www\openwysiwyg\icons\forecolor.gif --> ftp.0fees.net /htdocs/openwysiwyg/icons forecolor.gif
2008.06.23 06:04 B C:\wamp\www\openwysiwyg\icons\forecolor_on.gif --> ftp.0fees.net /htdocs/openwysiwyg/icons forecolor_on.gif
2008.06.23 06:04 B C:\wamp\www\openwysiwyg\icons\help.gif --> ftp.0fees.net /htdocs/openwysiwyg/icons help.gif
2008.06.23 06:04 B C:\wamp\www\openwysiwyg\icons\help_on.gif --> ftp.0fees.net /htdocs/openwysiwyg/icons help_on.gif
2008.06.23 06:04 B C:\wamp\www\openwysiwyg\icons\indent_left.gif --> ftp.0fees.net /htdocs/openwysiwyg/icons indent_left.gif
2008.06.23 06:04 B C:\wamp\www\openwysiwyg\icons\indent_left_on.gif --> ftp.0fees.net /htdocs/openwysiwyg/icons indent_left_on.gif
2008.06.23 06:04 B C:\wamp\www\openwysiwyg\icons\indent_right.gif --> ftp.0fees.net /htdocs/openwysiwyg/icons indent_right.gif
2008.06.23 06:04 B C:\wamp\www\openwysiwyg\icons\indent_right_on.gif --> ftp.0fees.net /htdocs/openwysiwyg/icons indent_right_on.gif
2008.06.23 06:04 B C:\wamp\www\openwysiwyg\icons\insert_hyperlink.gif --> ftp.0fees.net /htdocs/openwysiwyg/icons insert_hyperlink.gif
2008.06.23 06:04 B C:\wamp\www\openwysiwyg\icons\insert_hyperlink_on.gif --> ftp.0fees.net /htdocs/openwysiwyg/icons insert_hyperlink_on.gif
2008.06.23 06:05 B C:\wamp\www\openwysiwyg\icons\insert_picture.gif --> ftp.0fees.net /htdocs/openwysiwyg/icons insert_picture.gif
2008.06.23 06:05 B C:\wamp\www\openwysiwyg\icons\insert_picture_on.gif --> ftp.0fees.net /htdocs/openwysiwyg/icons insert_picture_on.gif
2008.06.23 06:05 B C:\wamp\www\openwysiwyg\icons\insert_table.gif --> ftp.0fees.net /htdocs/openwysiwyg/icons insert_table.gif
2008.06.23 06:05 B C:\wamp\www\openwysiwyg\icons\insert_table_on.gif --> ftp.0fees.net /htdocs/openwysiwyg/icons insert_table_on.gif
2008.06.23 06:05 B C:\wamp\www\openwysiwyg\icons\italics.gif --> ftp.0fees.net /htdocs/openwysiwyg/icons italics.gif
2008.06.23 06:05 B C:\wamp\www\openwysiwyg\icons\italics_on.gif --> ftp.0fees.net /htdocs/openwysiwyg/icons italics_on.gif
2008.06.23 06:08 B C:\wamp\www\openwysiwyg\icons\justify_center.gif --> ftp.0fees.net /htdocs/openwysiwyg/icons justify_center.gif
2008.06.23 06:08 B C:\wamp\www\openwysiwyg\icons\justify_center_on.gif --> ftp.0fees.net /htdocs/openwysiwyg/icons justify_center_on.gif
2008.06.23 06:08 B C:\wamp\www\openwysiwyg\icons\justify_left.gif --> ftp.0fees.net /htdocs/openwysiwyg/icons justify_left.gif
2008.06.23 06:08 B C:\wamp\www\openwysiwyg\icons\justify_left_on.gif --> ftp.0fees.net /htdocs/openwysiwyg/icons justify_left_on.gif
2008.06.23 06:09 B C:\wamp\www\openwysiwyg\icons\justify_right.gif --> ftp.0fees.net /htdocs/openwysiwyg/icons justify_right.gif
2008.06.23 06:09 B C:\wamp\www\openwysiwyg\icons\justify_right_on.gif --> ftp.0fees.net /htdocs/openwysiwyg/icons justify_right_on.gif
2008.06.23 06:09 B C:\wamp\www\openwysiwyg\icons\list_ordered.gif --> ftp.0fees.net /htdocs/openwysiwyg/icons list_ordered.gif
2008.06.23 06:09 B C:\wamp\www\openwysiwyg\icons\list_ordered_on.gif --> ftp.0fees.net /htdocs/openwysiwyg/icons list_ordered_on.gif
2008.06.23 06:09 B C:\wamp\www\openwysiwyg\icons\list_unordered.gif --> ftp.0fees.net /htdocs/openwysiwyg/icons list_unordered.gif
2008.06.23 06:09 B C:\wamp\www\openwysiwyg\icons\list_unordered_on.gif --> ftp.0fees.net /htdocs/openwysiwyg/icons list_unordered_on.gif
2008.06.23 06:09 B C:\wamp\www\openwysiwyg\icons\logo.gif --> ftp.0fees.net /htdocs/openwysiwyg/icons logo.gif
2008.06.23 06:09 B C:\wamp\www\openwysiwyg\icons\paste.gif --> ftp.0fees.net /htdocs/openwysiwyg/icons paste.gif
2008.06.23 06:09 B C:\wamp\www\openwysiwyg\icons\paste_on.gif --> ftp.0fees.net /htdocs/openwysiwyg/icons paste_on.gif
2008.06.23 06:09 B C:\wamp\www\openwysiwyg\icons\redo.gif --> ftp.0fees.net /htdocs/openwysiwyg/icons redo.gif
2008.06.23 06:09 B C:\wamp\www\openwysiwyg\icons\redo_on.gif --> ftp.0fees.net /htdocs/openwysiwyg/icons redo_on.gif
2008.06.23 06:09 B C:\wamp\www\openwysiwyg\icons\select_font.gif --> ftp.0fees.net /htdocs/openwysiwyg/icons select_font.gif
2008.06.23 06:10 B C:\wamp\www\openwysiwyg\icons\select_font_on.gif --> ftp.0fees.net /htdocs/openwysiwyg/icons select_font_on.gif
2008.06.23 06:10 B C:\wamp\www\openwysiwyg\icons\select_size.gif --> ftp.0fees.net /htdocs/openwysiwyg/icons select_size.gif
2008.06.23 06:10 B C:\wamp\www\openwysiwyg\icons\select_size_on.gif --> ftp.0fees.net /htdocs/openwysiwyg/icons select_size_on.gif
2008.06.23 06:47 B C:\wamp\www\openwysiwyg\icons\select_size_on.gif --> ftp.0fees.net /htdocs/openwysiwyg/icons select_size_on.gif
2008.06.23 06:47 B C:\wamp\www\openwysiwyg\icons\seperator.gif --> ftp.0fees.net /htdocs/openwysiwyg/icons seperator.gif
2008.06.23 06:47 B C:\wamp\www\openwysiwyg\icons\seperator2.gif --> ftp.0fees.net /htdocs/openwysiwyg/icons seperator2.gif
2008.06.23 07:04 B C:\wamp\www\openwysiwyg\icons\strikethrough.gif --> ftp.0fees.net /htdocs/openwysiwyg/icons strikethrough.gif
2008.06.23 07:04 B C:\wamp\www\openwysiwyg\icons\strikethrough_on.gif --> ftp.0fees.net /htdocs/openwysiwyg/icons strikethrough_on.gif
2008.06.23 07:04 B C:\wamp\www\openwysiwyg\icons\subscript.gif --> ftp.0fees.net /htdocs/openwysiwyg/icons subscript.gif
2008.06.23 07:04 B C:\wamp\www\openwysiwyg\icons\subscript_on.gif --> ftp.0fees.net /htdocs/openwysiwyg/icons subscript_on.gif
2008.06.23 07:04 B C:\wamp\www\openwysiwyg\icons\superscript.gif --> ftp.0fees.net /htdocs/openwysiwyg/icons superscript.gif
2008.06.23 07:05 B C:\wamp\www\openwysiwyg\icons\superscript_on.gif --> ftp.0fees.net /htdocs/openwysiwyg/icons superscript_on.gif
2008.06.23 07:05 B C:\wamp\www\openwysiwyg\icons\underline.gif --> ftp.0fees.net /htdocs/openwysiwyg/icons underline.gif
2008.06.23 07:05 B C:\wamp\www\openwysiwyg\icons\underline_on.gif --> ftp.0fees.net /htdocs/openwysiwyg/icons underline_on.gif
2008.06.23 07:05 B C:\wamp\www\openwysiwyg\icons\undo.gif --> ftp.0fees.net /htdocs/openwysiwyg/icons undo.gif
2008.06.23 07:05 B C:\wamp\www\openwysiwyg\icons\undo_on.gif --> ftp.0fees.net /htdocs/openwysiwyg/icons undo_on.gif
2008.06.23 07:05 B C:\wamp\www\openwysiwyg\icons\view_source.gif --> ftp.0fees.net /htdocs/openwysiwyg/icons view_source.gif
2008.06.23 07:05 B C:\wamp\www\openwysiwyg\icons\view_source_on.gif --> ftp.0fees.net /htdocs/openwysiwyg/icons view_source_on.gif
2008.06.23 07:05 B C:\wamp\www\openwysiwyg\icons\view_text.gif --> ftp.0fees.net /htdocs/openwysiwyg/icons view_text.gif
2008.06.23 07:05 B C:\wamp\www\openwysiwyg\icons\view_text_on.gif --> ftp.0fees.net /htdocs/openwysiwyg/icons view_text_on.gif
2009.01.16 03:42 B C:\wamp\www\openwysiwyg\icons\backcolor.gif --> ftp.uniafri.com /www/openwysiwyg/icons backcolor.gif
2009.01.16 03:42 B C:\wamp\www\openwysiwyg\icons\backcolor_on.gif --> ftp.uniafri.com /www/openwysiwyg/icons backcolor_on.gif
2009.01.16 03:42 B C:\wamp\www\openwysiwyg\icons\background_silver.jpg --> ftp.uniafri.com /www/openwysiwyg/icons background_silver.jpg
2009.01.16 03:42 B C:\wamp\www\openwysiwyg\icons\bold.gif --> ftp.uniafri.com /www/openwysiwyg/icons bold.gif
2009.01.16 03:42 B C:\wamp\www\openwysiwyg\icons\bold_on.gif --> ftp.uniafri.com /www/openwysiwyg/icons bold_on.gif
2009.01.16 03:43 B C:\wamp\www\openwysiwyg\icons\copy.gif --> ftp.uniafri.com /www/openwysiwyg/icons copy.gif
2009.01.16 03:43 B C:\wamp\www\openwysiwyg\icons\copy_on.gif --> ftp.uniafri.com /www/openwysiwyg/icons copy_on.gif
2009.01.16 03:43 B C:\wamp\www\openwysiwyg\icons\cut.gif --> ftp.uniafri.com /www/openwysiwyg/icons cut.gif
2009.01.16 03:43 B C:\wamp\www\openwysiwyg\icons\cut_on.gif --> ftp.uniafri.com /www/openwysiwyg/icons cut_on.gif
2009.01.16 03:43 B C:\wamp\www\openwysiwyg\icons\Desktop__.ini --> ftp.uniafri.com /www/openwysiwyg/icons Desktop__.ini
2009.01.16 03:43 B C:\wamp\www\openwysiwyg\icons\forecolor.gif --> ftp.uniafri.com /www/openwysiwyg/icons forecolor.gif
2009.01.16 03:43 B C:\wamp\www\openwysiwyg\icons\forecolor_on.gif --> ftp.uniafri.com /www/openwysiwyg/icons forecolor_on.gif
2009.01.16 03:43 B C:\wamp\www\openwysiwyg\icons\help.gif --> ftp.uniafri.com /www/openwysiwyg/icons help.gif
2009.01.16 03:43 B C:\wamp\www\openwysiwyg\icons\help_on.gif --> ftp.uniafri.com /www/openwysiwyg/icons help_on.gif
2009.01.16 03:43 B C:\wamp\www\openwysiwyg\icons\indent_left.gif --> ftp.uniafri.com /www/openwysiwyg/icons indent_left.gif
2009.01.16 03:43 B C:\wamp\www\openwysiwyg\icons\indent_left_on.gif --> ftp.uniafri.com /www/openwysiwyg/icons indent_left_on.gif
2009.01.16 03:43 B C:\wamp\www\openwysiwyg\icons\indent_right.gif --> ftp.uniafri.com /www/openwysiwyg/icons indent_right.gif
2009.01.16 03:43 B C:\wamp\www\openwysiwyg\icons\indent_right_on.gif --> ftp.uniafri.com /www/openwysiwyg/icons indent_right_on.gif
2009.01.16 03:43 B C:\wamp\www\openwysiwyg\icons\insert_hyperlink.gif --> ftp.uniafri.com /www/openwysiwyg/icons insert_hyperlink.gif
2009.01.16 03:44 B C:\wamp\www\openwysiwyg\icons\insert_hyperlink_on.gif --> ftp.uniafri.com /www/openwysiwyg/icons insert_hyperlink_on.gif
2009.01.16 03:44 B C:\wamp\www\openwysiwyg\icons\insert_picture.gif --> ftp.uniafri.com /www/openwysiwyg/icons insert_picture.gif
2009.01.16 03:44 B C:\wamp\www\openwysiwyg\icons\insert_picture_on.gif --> ftp.uniafri.com /www/openwysiwyg/icons insert_picture_on.gif
2009.01.16 03:44 B C:\wamp\www\openwysiwyg\icons\insert_table.gif --> ftp.uniafri.com /www/openwysiwyg/icons insert_table.gif
2009.01.16 03:44 B C:\wamp\www\openwysiwyg\icons\insert_table_on.gif --> ftp.uniafri.com /www/openwysiwyg/icons insert_table_on.gif
2009.01.16 03:45 B C:\wamp\www\openwysiwyg\icons\italics.gif --> ftp.uniafri.com /www/openwysiwyg/icons italics.gif
2009.01.16 03:45 B C:\wamp\www\openwysiwyg\icons\italics_on.gif --> ftp.uniafri.com /www/openwysiwyg/icons italics_on.gif
2009.01.16 03:45 B C:\wamp\www\openwysiwyg\icons\justify_center.gif --> ftp.uniafri.com /www/openwysiwyg/icons justify_center.gif
2009.01.16 03:45 B C:\wamp\www\openwysiwyg\icons\justify_center_on.gif --> ftp.uniafri.com /www/openwysiwyg/icons justify_center_on.gif
2009.01.16 03:45 B C:\wamp\www\openwysiwyg\icons\justify_left.gif --> ftp.uniafri.com /www/openwysiwyg/icons justify_left.gif
2009.01.16 03:45 B C:\wamp\www\openwysiwyg\icons\justify_left_on.gif --> ftp.uniafri.com /www/openwysiwyg/icons justify_left_on.gif
2009.01.16 03:45 B C:\wamp\www\openwysiwyg\icons\justify_right.gif --> ftp.uniafri.com /www/openwysiwyg/icons justify_right.gif
2009.01.16 03:45 B C:\wamp\www\openwysiwyg\icons\justify_right_on.gif --> ftp.uniafri.com /www/openwysiwyg/icons justify_right_on.gif
2009.01.16 03:45 B C:\wamp\www\openwysiwyg\icons\list_ordered.gif --> ftp.uniafri.com /www/openwysiwyg/icons list_ordered.gif
2009.01.16 03:45 B C:\wamp\www\openwysiwyg\icons\list_ordered_on.gif --> ftp.uniafri.com /www/openwysiwyg/icons list_ordered_on.gif
2009.01.16 03:45 B C:\wamp\www\openwysiwyg\icons\list_unordered.gif --> ftp.uniafri.com /www/openwysiwyg/icons list_unordered.gif
2009.01.16 03:45 B C:\wamp\www\openwysiwyg\icons\list_unordered_on.gif --> ftp.uniafri.com /www/openwysiwyg/icons list_unordered_on.gif
2009.01.16 03:45 B C:\wamp\www\openwysiwyg\icons\logo.gif --> ftp.uniafri.com /www/openwysiwyg/icons logo.gif
2009.01.16 03:45 B C:\wamp\www\openwysiwyg\icons\paste.gif --> ftp.uniafri.com /www/openwysiwyg/icons paste.gif
2009.01.16 03:45 B C:\wamp\www\openwysiwyg\icons\paste_on.gif --> ftp.uniafri.com /www/openwysiwyg/icons paste_on.gif
2009.01.16 03:46 B C:\wamp\www\openwysiwyg\icons\redo.gif --> ftp.uniafri.com /www/openwysiwyg/icons redo.gif
2009.01.16 03:46 B C:\wamp\www\openwysiwyg\icons\redo_on.gif --> ftp.uniafri.com /www/openwysiwyg/icons redo_on.gif
2009.01.16 03:46 B C:\wamp\www\openwysiwyg\icons\select_font.gif --> ftp.uniafri.com /www/openwysiwyg/icons select_font.gif
2009.01.16 03:46 B C:\wamp\www\openwysiwyg\icons\select_font_on.gif --> ftp.uniafri.com /www/openwysiwyg/icons select_font_on.gif
2009.01.16 03:46 B C:\wamp\www\openwysiwyg\icons\select_size.gif --> ftp.uniafri.com /www/openwysiwyg/icons select_size.gif
2009.01.16 03:46 B C:\wamp\www\openwysiwyg\icons\select_size_on.gif --> ftp.uniafri.com /www/openwysiwyg/icons select_size_on.gif
2009.01.16 03:46 B C:\wamp\www\openwysiwyg\icons\seperator.gif --> ftp.uniafri.com /www/openwysiwyg/icons seperator.gif
2009.01.16 03:46 B C:\wamp\www\openwysiwyg\icons\seperator2.gif --> ftp.uniafri.com /www/openwysiwyg/icons seperator2.gif
2009.01.16 03:46 B C:\wamp\www\openwysiwyg\icons\strikethrough.gif --> ftp.uniafri.com /www/openwysiwyg/icons strikethrough.gif
2009.01.16 03:46 B C:\wamp\www\openwysiwyg\icons\strikethrough_on.gif --> ftp.uniafri.com /www/openwysiwyg/icons strikethrough_on.gif
2009.01.16 03:46 B C:\wamp\www\openwysiwyg\icons\subscript.gif --> ftp.uniafri.com /www/openwysiwyg/icons subscript.gif
2009.01.16 03:46 B C:\wamp\www\openwysiwyg\icons\subscript_on.gif --> ftp.uniafri.com /www/openwysiwyg/icons subscript_on.gif
2009.01.16 03:46 B C:\wamp\www\openwysiwyg\icons\superscript.gif --> ftp.uniafri.com /www/openwysiwyg/icons superscript.gif
2009.01.16 03:46 B C:\wamp\www\openwysiwyg\icons\superscript_on.gif --> ftp.uniafri.com /www/openwysiwyg/icons superscript_on.gif
2009.01.16 03:47 B C:\wamp\www\openwysiwyg\icons\Thumbs.db --> ftp.uniafri.com /www/openwysiwyg/icons Thumbs.db
2009.01.16 03:47 B C:\wamp\www\openwysiwyg\icons\underline.gif --> ftp.uniafri.com /www/openwysiwyg/icons underline.gif
2009.01.16 03:47 B C:\wamp\www\openwysiwyg\icons\underline_on.gif --> ftp.uniafri.com /www/openwysiwyg/icons underline_on.gif
2009.01.16 03:47 B C:\wamp\www\openwysiwyg\icons\undo.gif --> ftp.uniafri.com /www/openwysiwyg/icons undo.gif
2009.01.16 03:47 B C:\wamp\www\openwysiwyg\icons\undo_on.gif --> ftp.uniafri.com /www/openwysiwyg/icons undo_on.gif
2009.01.16 03:47 B C:\wamp\www\openwysiwyg\icons\view_source.gif --> ftp.uniafri.com /www/openwysiwyg/icons view_source.gif
2009.01.16 03:47 B C:\wamp\www\openwysiwyg\icons\view_source_on.gif --> ftp.uniafri.com /www/openwysiwyg/icons view_source_on.gif
2009.01.16 03:47 B C:\wamp\www\openwysiwyg\icons\view_text.gif --> ftp.uniafri.com /www/openwysiwyg/icons view_text.gif
2009.01.16 03:47 B C:\wamp\www\openwysiwyg\icons\view_text_on.gif --> ftp.uniafri.com /www/openwysiwyg/icons view_text_on.gif
2009.01.16 03:47 B C:\wamp\www\openwysiwyg\icons\WS_FTP.LOG --> ftp.uniafri.com /www/openwysiwyg/icons WS_FTP.LOG
